This is pdfTeX, Version 3.14159265-2.6-1.40.18 (MiKTeX 2.9.6500 64-bit) (preloaded format=pdflatex 2018.1.24)  20 APR 2018 11:00
entering extended mode
**"C:/Users/Imagine/Dropbox (Personal)/Opt_Tex/main.tex"
("C:/Users/Imagine/Dropbox (Personal)/Opt_Tex/main.tex"
LaTeX2e <2017-04-15>
Babel <3.15> and hyphenation patterns for 75 language(s) loaded.
("C:\Program Files\MiKTeX 2.9\tex\latex\base\article.cls"
Document Class: article 2014/09/29 v1.4h Standard LaTeX document class
("C:\Program Files\MiKTeX 2.9\tex\latex\base\size10.clo"
File: size10.clo 2014/09/29 v1.4h Standard LaTeX file (size option)
)
\c@part=\count79
\c@section=\count80
\c@subsection=\count81
\c@subsubsection=\count82
\c@paragraph=\count83
\c@subparagraph=\count84
\c@figure=\count85
\c@table=\count86
\abovecaptionskip=\skip41
\belowcaptionskip=\skip42
\bibindent=\dimen102
)
("C:\Program Files\MiKTeX 2.9\tex\latex\standalone\standalone.sty"
Package: standalone 2015/07/15 v1.2 Package to include TeX sub-files with pream
bles

("C:\Program Files\MiKTeX 2.9\tex\generic\oberdiek\ifluatex.sty"
Package: ifluatex 2016/05/16 v1.4 Provides the ifluatex switch (HO)
Package ifluatex Info: LuaTeX not detected.
)
("C:\Program Files\MiKTeX 2.9\tex\generic\oberdiek\ifpdf.sty"
Package: ifpdf 2017/03/15 v3.2 Provides the ifpdf switch
)
("C:\Program Files\MiKTeX 2.9\tex\generic\ifxetex\ifxetex.sty"
Package: ifxetex 2010/09/12 v0.6 Provides ifxetex conditional
)
("C:\Program Files\MiKTeX 2.9\tex\latex\xkeyval\xkeyval.sty"
Package: xkeyval 2014/12/03 v2.7a package option processing (HA)

("C:\Program Files\MiKTeX 2.9\tex\generic\xkeyval\xkeyval.tex"
("C:\Program Files\MiKTeX 2.9\tex\generic\xkeyval\xkvutils.tex"
\XKV@toks=\toks14
\XKV@tempa@toks=\toks15

("C:\Program Files\MiKTeX 2.9\tex\generic\xkeyval\keyval.tex"))
\XKV@depth=\count87
File: xkeyval.tex 2014/12/03 v2.7a key=value parser (HA)
))
("C:\Program Files\MiKTeX 2.9\tex\latex\currfile\currfile.sty"
Package: currfile 2015/04/23 v0.7c Provides the file path elements of the curre
nt input file

("C:\Program Files\MiKTeX 2.9\tex\latex\oberdiek\kvoptions.sty"
Package: kvoptions 2016/05/16 v3.12 Key value format for package options (HO)

("C:\Program Files\MiKTeX 2.9\tex\generic\oberdiek\ltxcmds.sty"
Package: ltxcmds 2016/05/16 v1.23 LaTeX kernel commands for general use (HO)
)
("C:\Program Files\MiKTeX 2.9\tex\generic\oberdiek\kvsetkeys.sty"
Package: kvsetkeys 2016/05/16 v1.17 Key value parser (HO)

("C:\Program Files\MiKTeX 2.9\tex\generic\oberdiek\infwarerr.sty"
Package: infwarerr 2016/05/16 v1.4 Providing info/warning/error messages (HO)
)
("C:\Program Files\MiKTeX 2.9\tex\generic\oberdiek\etexcmds.sty"
Package: etexcmds 2016/05/16 v1.6 Avoid name clashes with e-TeX commands (HO)
Package etexcmds Info: Could not find \expanded.
(etexcmds)             That can mean that you are not using pdfTeX 1.50 or
(etexcmds)             that some package has redefined \expanded.
(etexcmds)             In the latter case, load this package earlier.
)))
("C:\Program Files\MiKTeX 2.9\tex\latex\filehook\filehook.sty"
Package: filehook 2011/10/12 v0.5d Hooks for input files
)
\c@currfiledepth=\count88
)
\sa@out=\write3
 (main.sta)
("C:\Program Files\MiKTeX 2.9\tex\latex\gincltex\gincltex.sty"
("C:\Program Files\MiKTeX 2.9\tex\latex\svn-prov\svn-prov.sty"
Package: svn-prov 2010/04/24 v3.1862 Package Date/Version from SVN Keywords
)
Package: gincltex 2011/09/04 v0.3 Include external LaTeX files like graphics

("C:\Program Files\MiKTeX 2.9\tex\latex\adjustbox\adjustbox.sty"
Package: adjustbox 2012/05/21 v1.0 Adjusting TeX boxes (trim, clip, ...)

("C:\Program Files\MiKTeX 2.9\tex\latex\adjustbox\adjcalc.sty"
Package: adjcalc 2012/05/16 v1.1 Provides advanced setlength with multiple back
-ends (calc, etex, pgfmath)
)
("C:\Program Files\MiKTeX 2.9\tex\latex\adjustbox\trimclip.sty"
Package: trimclip 2012/05/16 v1.0 Trim and clip general TeX material

("C:\Program Files\MiKTeX 2.9\tex\latex\graphics\graphicx.sty"
Package: graphicx 2017/06/01 v1.1a Enhanced LaTeX Graphics (DPC,SPQR)

("C:\Program Files\MiKTeX 2.9\tex\latex\graphics\graphics.sty"
Package: graphics 2017/06/25 v1.2c Standard LaTeX Graphics (DPC,SPQR)

("C:\Program Files\MiKTeX 2.9\tex\latex\graphics\trig.sty"
Package: trig 2016/01/03 v1.10 sin cos tan (DPC)
)
("C:\Program Files\MiKTeX 2.9\tex\latex\graphics-cfg\graphics.cfg"
File: graphics.cfg 2016/06/04 v1.11 sample graphics configuration
)
Package graphics Info: Driver file: pdftex.def on input line 99.

("C:\Program Files\MiKTeX 2.9\tex\latex\graphics-def\pdftex.def"
File: pdftex.def 2017/06/24 v1.0g Graphics/color driver for pdftex
))
\Gin@req@height=\dimen103
\Gin@req@width=\dimen104
)
("C:\Program Files\MiKTeX 2.9\tex\latex\collectbox\collectbox.sty"
Package: collectbox 2012/05/17 v0.4b Collect macro arguments as boxes
\collectedbox=\box26
)
\tc@llx=\dimen105
\tc@lly=\dimen106
\tc@urx=\dimen107
\tc@ury=\dimen108
Package trimclip Info: Using driver 'tc-pdftex.def'.

("C:\Program Files\MiKTeX 2.9\tex\latex\adjustbox\tc-pdftex.def"
File: tc-pdftex.def 2012/05/13 v1.0 Clipping driver for pdftex
))
\adjbox@Width=\dimen109
\adjbox@Height=\dimen110
\adjbox@Depth=\dimen111
\adjbox@Totalheight=\dimen112

("C:\Program Files\MiKTeX 2.9\tex\latex\ifoddpage\ifoddpage.sty"
Package: ifoddpage 2016/04/23 v1.1 Conditionals for odd/even page detection
\c@checkoddpage=\count89
)
("C:\Program Files\MiKTeX 2.9\tex\latex\ltxmisc\varwidth.sty"
Package: varwidth 2009/03/30 ver 0.92;  Variable-width minipages
\@vwid@box=\box27
\sift@deathcycles=\count90
\@vwid@loff=\dimen113
\@vwid@roff=\dimen114
))
\gincltex@box=\box28
)
("C:\Program Files\MiKTeX 2.9\tex\latex\filemod\filemod-expmin.sty"
Package: filemod-expmin 2011/09/19 v1.2 Get and compare file modification times
 (expandable; minimal)
))
("C:\Program Files\MiKTeX 2.9\tex\latex\import\import.sty"
Package: import 2009/03/23  v 5.1
)
("C:\Program Files\MiKTeX 2.9\tex\latex\amsmath\amsmath.sty"
Package: amsmath 2017/09/02 v2.17a AMS math features
\@mathmargin=\skip43

For additional information on amsmath, use the `?' option.
("C:\Program Files\MiKTeX 2.9\tex\latex\amsmath\amstext.sty"
Package: amstext 2000/06/29 v2.01 AMS text

("C:\Program Files\MiKTeX 2.9\tex\latex\amsmath\amsgen.sty"
File: amsgen.sty 1999/11/30 v2.0 generic functions
\@emptytoks=\toks16
\ex@=\dimen115
))
("C:\Program Files\MiKTeX 2.9\tex\latex\amsmath\amsbsy.sty"
Package: amsbsy 1999/11/29 v1.2d Bold Symbols
\pmbraise@=\dimen116
)
("C:\Program Files\MiKTeX 2.9\tex\latex\amsmath\amsopn.sty"
Package: amsopn 2016/03/08 v2.02 operator names
)
\inf@bad=\count91
LaTeX Info: Redefining \frac on input line 213.
\uproot@=\count92
\leftroot@=\count93
LaTeX Info: Redefining \overline on input line 375.
\classnum@=\count94
\DOTSCASE@=\count95
LaTeX Info: Redefining \ldots on input line 472.
LaTeX Info: Redefining \dots on input line 475.
LaTeX Info: Redefining \cdots on input line 596.
\Mathstrutbox@=\box29
\strutbox@=\box30
\big@size=\dimen117
LaTeX Font Info:    Redeclaring font encoding OML on input line 712.
LaTeX Font Info:    Redeclaring font encoding OMS on input line 713.
\macc@depth=\count96
\c@MaxMatrixCols=\count97
\dotsspace@=\muskip10
\c@parentequation=\count98
\dspbrk@lvl=\count99
\tag@help=\toks17
\row@=\count100
\column@=\count101
\maxfields@=\count102
\andhelp@=\toks18
\eqnshift@=\dimen118
\alignsep@=\dimen119
\tagshift@=\dimen120
\tagwidth@=\dimen121
\totwidth@=\dimen122
\lineht@=\dimen123
\@envbody=\toks19
\multlinegap=\skip44
\multlinetaggap=\skip45
\mathdisplay@stack=\toks20
LaTeX Info: Redefining \[ on input line 2817.
LaTeX Info: Redefining \] on input line 2818.
)
("C:\Program Files\MiKTeX 2.9\tex\latex\caption\subcaption.sty"
Package: subcaption 2016/05/22 v1.1-161 Sub-captions (AR)

("C:\Program Files\MiKTeX 2.9\tex\latex\caption\caption.sty"
Package: caption 2016/02/21 v3.3-144 Customizing captions (AR)

("C:\Program Files\MiKTeX 2.9\tex\latex\caption\caption3.sty"
Package: caption3 2016/05/22 v1.7-166 caption3 kernel (AR)
Package caption3 Info: TeX engine: e-TeX on input line 67.
\captionmargin=\dimen124
\captionmargin@=\dimen125
\captionwidth=\dimen126
\caption@tempdima=\dimen127
\caption@indent=\dimen128
\caption@parindent=\dimen129
\caption@hangindent=\dimen130
)
\c@ContinuedFloat=\count103
)
\c@subfigure=\count104
\c@subtable=\count105
)
("C:\Program Files\MiKTeX 2.9\tex\latex\hyperref\hyperref.sty"
Package: hyperref 2017/03/14 v6.85a Hypertext links for LaTeX

("C:\Program Files\MiKTeX 2.9\tex\generic\oberdiek\hobsub-hyperref.sty"
Package: hobsub-hyperref 2016/05/16 v1.14 Bundle oberdiek, subset hyperref (HO)


("C:\Program Files\MiKTeX 2.9\tex\generic\oberdiek\hobsub-generic.sty"
Package: hobsub-generic 2016/05/16 v1.14 Bundle oberdiek, subset generic (HO)
Package: hobsub 2016/05/16 v1.14 Construct package bundles (HO)
Package hobsub Info: Skipping package `infwarerr' (already loaded).
Package hobsub Info: Skipping package `ltxcmds' (already loaded).
Package hobsub Info: Skipping package `ifluatex' (already loaded).
Package: ifvtex 2016/05/16 v1.6 Detect VTeX and its facilities (HO)
Package ifvtex Info: VTeX not detected.
Package: intcalc 2016/05/16 v1.2 Expandable calculations with integers (HO)
Package hobsub Info: Skipping package `ifpdf' (already loaded).
Package hobsub Info: Skipping package `etexcmds' (already loaded).
Package hobsub Info: Skipping package `kvsetkeys' (already loaded).
Package: kvdefinekeys 2016/05/16 v1.4 Define keys (HO)
Package: pdftexcmds 2017/03/19 v0.25 Utility functions of pdfTeX for LuaTeX (HO
)
Package pdftexcmds Info: LuaTeX not detected.
Package pdftexcmds Info: \pdf@primitive is available.
Package pdftexcmds Info: \pdf@ifprimitive is available.
Package pdftexcmds Info: \pdfdraftmode found.
Package: pdfescape 2016/05/16 v1.14 Implements pdfTeX's escape features (HO)
Package: bigintcalc 2016/05/16 v1.4 Expandable calculations on big integers (HO
)
Package: bitset 2016/05/16 v1.2 Handle bit-vector datatype (HO)
Package: uniquecounter 2016/05/16 v1.3 Provide unlimited unique counter (HO)
)
Package hobsub Info: Skipping package `hobsub' (already loaded).
Package: letltxmacro 2016/05/16 v1.5 Let assignment for LaTeX macros (HO)
Package: hopatch 2016/05/16 v1.3 Wrapper for package hooks (HO)
Package: xcolor-patch 2016/05/16 xcolor patch
Package: atveryend 2016/05/16 v1.9 Hooks at the very end of document (HO)
Package atveryend Info: \enddocument detected (standard20110627).
Package: atbegshi 2016/06/09 v1.18 At begin shipout hook (HO)
Package: refcount 2016/05/16 v3.5 Data extraction from label references (HO)
Package: hycolor 2016/05/16 v1.8 Color options for hyperref/bookmark (HO)
)
("C:\Program Files\MiKTeX 2.9\tex\latex\oberdiek\auxhook.sty"
Package: auxhook 2016/05/16 v1.4 Hooks for auxiliary files (HO)
)
\@linkdim=\dimen131
\Hy@linkcounter=\count106
\Hy@pagecounter=\count107

("C:\Program Files\MiKTeX 2.9\tex\latex\hyperref\pd1enc.def"
File: pd1enc.def 2017/03/14 v6.85a Hyperref: PDFDocEncoding definition (HO)
)
\Hy@SavedSpaceFactor=\count108

("C:\Program Files\MiKTeX 2.9\tex\latex\00miktex\hyperref.cfg"
File: hyperref.cfg 2002/06/06 v1.2 hyperref configuration of TeXLive
)
Package hyperref Info: Hyper figures OFF on input line 4498.
Package hyperref Info: Link nesting OFF on input line 4503.
Package hyperref Info: Hyper index ON on input line 4506.
Package hyperref Info: Plain pages OFF on input line 4513.
Package hyperref Info: Backreferencing OFF on input line 4518.
Package hyperref Info: Implicit mode ON; LaTeX internals redefined.
Package hyperref Info: Bookmarks ON on input line 4751.
\c@Hy@tempcnt=\count109

("C:\Program Files\MiKTeX 2.9\tex\latex\url\url.sty"
\Urlmuskip=\muskip11
Package: url 2013/09/16  ver 3.4  Verb mode for urls, etc.
)
LaTeX Info: Redefining \url on input line 5104.
\XeTeXLinkMargin=\dimen132
\Fld@menulength=\count110
\Field@Width=\dimen133
\Fld@charsize=\dimen134
Package hyperref Info: Hyper figures OFF on input line 6358.
Package hyperref Info: Link nesting OFF on input line 6363.
Package hyperref Info: Hyper index ON on input line 6366.
Package hyperref Info: backreferencing OFF on input line 6373.
Package hyperref Info: Link coloring OFF on input line 6378.
Package hyperref Info: Link coloring with OCG OFF on input line 6383.
Package hyperref Info: PDF/A mode OFF on input line 6388.
LaTeX Info: Redefining \ref on input line 6428.
LaTeX Info: Redefining \pageref on input line 6432.
\Hy@abspage=\count111
\c@Item=\count112
\c@Hfootnote=\count113
)

Package hyperref Message: Driver (autodetected): hpdftex.

("C:\Program Files\MiKTeX 2.9\tex\latex\hyperref\hpdftex.def"
File: hpdftex.def 2017/03/14 v6.85a Hyperref driver for pdfTeX
\Fld@listcount=\count114
\c@bookmark@seq@number=\count115

("C:\Program Files\MiKTeX 2.9\tex\latex\oberdiek\rerunfilecheck.sty"
Package: rerunfilecheck 2016/05/16 v1.8 Rerun checks for auxiliary files (HO)
Package uniquecounter Info: New unique counter `rerunfilecheck' on input line 2
82.
)
\Hy@SectionHShift=\skip46
)
("C:\Program Files\MiKTeX 2.9\tex\latex\blindtext\blindtext.sty"
Package: blindtext 2012/01/06 V2.0 blindtext-Package

("C:\Program Files\MiKTeX 2.9\tex\latex\tools\xspace.sty"
Package: xspace 2014/10/28 v1.13 Space after command names (DPC,MH)
)
\c@blindtext=\count116
\c@Blindtext=\count117
\c@blind@countparstart=\count118
\blind@countxx=\count119
\blindtext@numBlindtext=\count120
\blind@countyy=\count121
\c@blindlist=\count122
\c@blindlistlevel=\count123
\c@blindlist@level=\count124
\blind@listitem=\count125
\c@blind@listcount=\count126
\c@blind@levelcount=\count127
\blind@mathformula=\count128
\blind@Mathformula=\count129
\c@blind@randomcount=\count130
\c@blind@randommax=\count131
\c@blind@pangramcount=\count132
\c@blind@pangrammax=\count133
)
("C:\Program Files\MiKTeX 2.9\tex\latex\geometry\geometry.sty"
Package: geometry 2010/09/12 v5.6 Page Geometry
\Gm@cnth=\count134
\Gm@cntv=\count135
\c@Gm@tempcnt=\count136
\Gm@bindingoffset=\dimen135
\Gm@wd@mp=\dimen136
\Gm@odd@mp=\dimen137
\Gm@even@mp=\dimen138
\Gm@layoutwidth=\dimen139
\Gm@layoutheight=\dimen140
\Gm@layouthoffset=\dimen141
\Gm@layoutvoffset=\dimen142
\Gm@dimlist=\toks21

("C:\Program Files\MiKTeX 2.9\tex\latex\geometry\geometry.cfg"))
("C:\Program Files\MiKTeX 2.9\tex\latex\placeins\placeins.sty"
Package: placeins 2005/04/18  v 2.2
)
("C:\Program Files\MiKTeX 2.9\tex\latex\subfiles\subfiles.sty"
Package: subfiles 2012/05/23 Federico Garcia

("C:\Program Files\MiKTeX 2.9\tex\latex\tools\verbatim.sty"
Package: verbatim 2014/10/28 v1.5q LaTeX2e package for verbatim enhancements
\every@verbatim=\toks22
\verbatim@line=\toks23
\verbatim@in@stream=\read1
)) (main.aux

LaTeX Warning: Label `fig:Fermat1' multiply defined.


LaTeX Warning: Label `fig:interface1' multiply defined.


LaTeX Warning: Label `eq1' multiply defined.


LaTeX Warning: Label `eq3-1' multiply defined.

)
\openout1 = `main.aux'.

LaTeX Font Info:    Checking defaults for OML/cmm/m/it on input line 22.
LaTeX Font Info:    ... okay on input line 22.
LaTeX Font Info:    Checking defaults for T1/cmr/m/n on input line 22.
LaTeX Font Info:    ... okay on input line 22.
LaTeX Font Info:    Checking defaults for OT1/cmr/m/n on input line 22.
LaTeX Font Info:    ... okay on input line 22.
LaTeX Font Info:    Checking defaults for OMS/cmsy/m/n on input line 22.
LaTeX Font Info:    ... okay on input line 22.
LaTeX Font Info:    Checking defaults for OMX/cmex/m/n on input line 22.
LaTeX Font Info:    ... okay on input line 22.
LaTeX Font Info:    Checking defaults for U/cmr/m/n on input line 22.
LaTeX Font Info:    ... okay on input line 22.
LaTeX Font Info:    Checking defaults for PD1/pdf/m/n on input line 22.
LaTeX Font Info:    ... okay on input line 22.
 (main.sta)
\openout3 = `main.sta'.

 ("C:\Program Files\MiKTeX 2.9\tex\context\base\supp-pdf.mkii"
[Loading MPS to PDF converter (version 2006.09.02).]
\scratchcounter=\count137
\scratchdimen=\dimen143
\scratchbox=\box31
\nofMPsegments=\count138
\nofMParguments=\count139
\everyMPshowfont=\toks24
\MPscratchCnt=\count140
\MPscratchDim=\dimen144
\MPnumerator=\count141
\makeMPintoPDFobject=\count142
\everyMPtoPDFconversion=\toks25
) ("C:\Program Files\MiKTeX 2.9\tex\latex\oberdiek\epstopdf-base.sty"
Package: epstopdf-base 2016/05/15 v2.6 Base part for package epstopdf

("C:\Program Files\MiKTeX 2.9\tex\latex\oberdiek\grfext.sty"
Package: grfext 2016/05/16 v1.2 Manage graphics extensions (HO)
)
Package epstopdf-base Info: Redefining graphics rule for `.eps' on input line 4
38.
Package grfext Info: Graphics extension search list:
(grfext)             [.pdf,.png,.jpg,.mps,.jpeg,.jbig2,.jb2,.PDF,.PNG,.JPG,.JPE
G,.JBIG2,.JB2,.eps]
(grfext)             \AppendGraphicsExtensions on input line 456.
)
Package caption Info: Begin \AtBeginDocument code.
Package caption Info: hyperref package is loaded.
Package caption Info: End \AtBeginDocument code.
\AtBeginShipoutBox=\box32
Package hyperref Info: Link coloring OFF on input line 22.

("C:\Program Files\MiKTeX 2.9\tex\latex\hyperref\nameref.sty"
Package: nameref 2016/05/21 v2.44 Cross-referencing by name of section

("C:\Program Files\MiKTeX 2.9\tex\generic\oberdiek\gettitlestring.sty"
Package: gettitlestring 2016/05/16 v1.5 Cleanup title references (HO)
)
\c@section@level=\count143
)
LaTeX Info: Redefining \ref on input line 22.
LaTeX Info: Redefining \pageref on input line 22.
LaTeX Info: Redefining \nameref on input line 22.

(main.out) (main.out)
\@outlinefile=\write4
\openout4 = `main.out'.


*geometry* driver: auto-detecting
*geometry* detected driver: pdftex
*geometry* verbose mode - [ preamble ] result:
* driver: pdftex
* paper: a4paper
* layout: <same size as paper>
* layoutoffset:(h,v)=(0.0pt,0.0pt)
* modes: 
* h-part:(L,W,R)=(89.62709pt, 418.25368pt, 89.6271pt)
* v-part:(T,H,B)=(101.40665pt, 591.5302pt, 152.11pt)
* \paperwidth=597.50787pt
* \paperheight=845.04684pt
* \textwidth=418.25368pt
* \textheight=591.5302pt
* \oddsidemargin=17.3571pt
* \evensidemargin=17.3571pt
* \topmargin=-7.86334pt
* \headheight=12.0pt
* \headsep=25.0pt
* \topskip=10.0pt
* \footskip=30.0pt
* \marginparwidth=65.0pt
* \marginparsep=11.0pt
* \columnsep=10.0pt
* \skip\footins=9.0pt plus 4.0pt minus 2.0pt
* \hoffset=0.0pt
* \voffset=0.0pt
* \mag=1000
* \@twocolumnfalse
* \@twosidefalse
* \@mparswitchfalse
* \@reversemarginfalse
* (1in=72.27pt=25.4mm, 1cm=28.453pt)

[1

{C:/Users/Imagine/AppData/Local/MiKTeX/2.9/pdftex/config/pdftex.map}]
(main.tocpdfTeX warning (ext4): destination with the same identifier (name{page
.}) has been already used, duplicate ignored
<to be read again> 
                   \relax 
l.47 ...line {5.1}Ray tracing}{20}{subsection.5.1}
                                                   [2])
\tf@toc=\write5
\openout5 = `main.toc'.

pdfTeX warning (ext4): destination with the same identifier (name{page.}) has b
een already used, duplicate ignored
<to be read again> 
                   \relax 
l.28 	\newpage
               [3] (data/Geometrical_optics.tex
Missing character: There is no â in font cmr10!
Missing character: There is no € in font cmr10!
Missing character: There is no ™ in font cmr10!
<images/../graphics/Geometrical_optics1.png, id=450, 491.8375pt x 370.38374pt>
File: images/../graphics/Geometrical_optics1.png Graphic file (type png)
<use images/../graphics/Geometrical_optics1.png>
Package pdftex.def Info: images/../graphics/Geometrical_optics1.png  used on in
put line 32. on input line 32.
Package pdftex.def Info: Requested size: 167.2989pt x 125.9853pt on input line 
32.
<images/../graphics/Geometrical_optics2.png, id=452, 162.6075pt x 127.07475pt>
File: images/../graphics/Geometrical_optics2.png Graphic file (type png)
<use images/../graphics/Geometrical_optics2.png>
Package pdftex.def Info: images/../graphics/Geometrical_optics2.png  used on in
put line 36. on input line 36.
Package pdftex.def Info: Requested size: 167.2989pt x 130.75078pt on input line
 36.
Missing character: There is no â in font cmr10!
Missing character: There is no € in font cmr10!
Missing character: There is no ™ in font cmr10!
Missing character: There is no â in font cmr10!
Missing character: There is no € in font cmr10!
Missing character: There is no ™ in font cmr10!
<images/../graphics/Geometrical_optics3.png, id=453, 314.97675pt x 246.32025pt>

File: images/../graphics/Geometrical_optics3.png Graphic file (type png)
<use images/../graphics/Geometrical_optics3.png>
Package pdftex.def Info: images/../graphics/Geometrical_optics3.png  used on in
put line 58. on input line 58.
Package pdftex.def Info: Requested size: 167.2989pt x 130.83475pt on input line
 58.
<images/../graphics/Geometrical_optics4.png, id=454, 159.59625pt x 162.6075pt>
File: images/../graphics/Geometrical_optics4.png Graphic file (type png)
<use images/../graphics/Geometrical_optics4.png>
Package pdftex.def Info: images/../graphics/Geometrical_optics4.png  used on in
put line 62. on input line 62.
Package pdftex.def Info: Requested size: 167.2989pt x 170.45757pt on input line
 62.
Missing character: There is no â in font cmr10!
Missing character: There is no € in font cmr10!
Missing character: There is no ™ in font cmr10!
Missing character: There is no â in font cmr10!
Missing character: There is no € in font cmr10!
Missing character: There is no ™ in font cmr10!


LaTeX Warning: `!h' float specifier changed to `!ht'.

[1 <./images/../graphics/Geometrical_optics1.png> <./images/../graphics/Geometr
ical_optics2.png (PNG copy)>]
<images/../graphics/Geometrical_optics5.png, id=471, 310.761pt x 138.5175pt>
File: images/../graphics/Geometrical_optics5.png Graphic file (type png)
<use images/../graphics/Geometrical_optics5.png>
Package pdftex.def Info: images/../graphics/Geometrical_optics5.png  used on in
put line 83. on input line 83.
Package pdftex.def Info: Requested size: 217.5312pt x 96.96158pt on input line 
83.
 [2 <./images/../graphics/Geometrical_optics3.png (PNG copy)> <./images/../grap
hics/Geometrical_optics4.png (PNG copy)> <./images/../graphics/Geometrical_opti
cs5.png (PNG copy)>]
<images/../graphics/Geometrical_optics6.png, id=481, 389.0535pt x 134.30174pt>
File: images/../graphics/Geometrical_optics6.png Graphic file (type png)
<use images/../graphics/Geometrical_optics6.png>
Package pdftex.def Info: images/../graphics/Geometrical_optics6.png  used on in
put line 100. on input line 100.
Package pdftex.def Info: Requested size: 272.33559pt x 94.01057pt on input line
 100.
 [3 <./images/../graphics/Geometrical_optics6.png (PNG copy)>]
<images/../graphics/Geometrical_optics7.png, id=502, 387.24675pt x 108.405pt>
File: images/../graphics/Geometrical_optics7.png Graphic file (type png)
<use images/../graphics/Geometrical_optics7.png>
Package pdftex.def Info: images/../graphics/Geometrical_optics7.png  used on in
put line 129. on input line 129.
Package pdftex.def Info: Requested size: 271.07086pt x 75.88297pt on input line
 129.
<images/../graphics/Geometrical_optics8.png, id=503, 328.8285pt x 138.5175pt>
File: images/../graphics/Geometrical_optics8.png Graphic file (type png)
<use images/../graphics/Geometrical_optics8.png>
Package pdftex.def Info: images/../graphics/Geometrical_optics8.png  used on in
put line 149. on input line 149.
Package pdftex.def Info: Requested size: 164.41385pt x 69.25858pt on input line
 149.
 [4 <./images/../graphics/Geometrical_optics7.png (PNG copy)> <./images/../grap
hics/Geometrical_optics8.png (PNG copy)>]
<images/../graphics/Geometrical_optics9.png, id=520, 354.72525pt x 132.495pt>
File: images/../graphics/Geometrical_optics9.png Graphic file (type png)
<use images/../graphics/Geometrical_optics9.png>
Package pdftex.def Info: images/../graphics/Geometrical_optics9.png  used on in
put line 174. on input line 174.
Package pdftex.def Info: Requested size: 177.36218pt x 66.24733pt on input line
 174.

[5 <./images/../graphics/Geometrical_optics9.png (PNG copy)>]
<images/../graphics/Geometrical_optics10.png, id=537, 425.1885pt x 145.14224pt>

File: images/../graphics/Geometrical_optics10.png Graphic file (type png)
<use images/../graphics/Geometrical_optics10.png>
Package pdftex.def Info: images/../graphics/Geometrical_optics10.png  used on i
nput line 195. on input line 195.
Package pdftex.def Info: Requested size: 212.59372pt x 72.57094pt on input line
 195.
 [6 <./images/../graphics/Geometrical_optics10.png (PNG copy)>]
<images/../graphics/Geometrical_optics11.png, id=548, 393.26926pt x 137.313pt>
File: images/../graphics/Geometrical_optics11.png Graphic file (type png)
<use images/../graphics/Geometrical_optics11.png>
Package pdftex.def Info: images/../graphics/Geometrical_optics11.png  used on i
nput line 225. on input line 225.
Package pdftex.def Info: Requested size: 314.61583pt x 109.85054pt on input lin
e 225.
 [7 <./images/../graphics/Geometrical_optics11.png (PNG copy)>]
<images/../graphics/Geometrical_optics12.png, id=562, 389.0535pt x 169.23225pt>

File: images/../graphics/Geometrical_optics12.png Graphic file (type png)
<use images/../graphics/Geometrical_optics12.png>
Package pdftex.def Info: images/../graphics/Geometrical_optics12.png  used on i
nput line 244. on input line 244.
Package pdftex.def Info: Requested size: 311.24321pt x 135.38599pt on input lin
e 244.
<images/../graphics/Geometrical_optics16.png, id=563, 271.0125pt x 247.92625pt>

File: images/../graphics/Geometrical_optics16.png Graphic file (type png)
<use images/../graphics/Geometrical_optics16.png>
Package pdftex.def Info: images/../graphics/Geometrical_optics16.png  used on i
nput line 254. on input line 254.
Package pdftex.def Info: Requested size: 216.81029pt x 198.34126pt on input lin
e 254.
 [8 <./images/../graphics/Geometrical_optics12.png (PNG copy)> <./images/../gra
phics/Geometrical_optics16.png>]
<images/../graphics/Geometrical_optics13.png, id=571, 364.9635pt x 138.5175pt>
File: images/../graphics/Geometrical_optics13.png Graphic file (type png)
<use images/../graphics/Geometrical_optics13.png>
Package pdftex.def Info: images/../graphics/Geometrical_optics13.png  used on i
nput line 267. on input line 267.
Package pdftex.def Info: Requested size: 291.97119pt x 110.81413pt on input lin
e 267.

Overfull \hbox (2.24266pt too wide) in paragraph at lines 272--273
[]$\OT1/cmtt/m/n/10 https : / / books . google . de / books ? id = vI7 -[] WDw7
yxkC & printsec = frontcover # v = onepage & q & f =
 []

[9 <./images/../graphics/Geometrical_optics13.png (PNG copy)>]
<images/../graphics/Geometrical_optics14.png, id=582, 258.36525pt x 372.1905pt>

File: images/../graphics/Geometrical_optics14.png Graphic file (type png)
<use images/../graphics/Geometrical_optics14.png>
Package pdftex.def Info: images/../graphics/Geometrical_optics14.png  used on i
nput line 300. on input line 300.
Package pdftex.def Info: Requested size: 206.69247pt x 297.7528pt on input line
 300.


LaTeX Warning: `!h' float specifier changed to `!ht'.

<images/../graphics/Geometrical_optics15.png, id=587, 525.162pt x 179.4705pt>
File: images/../graphics/Geometrical_optics15.png Graphic file (type png)
<use images/../graphics/Geometrical_optics15.png>
Package pdftex.def Info: images/../graphics/Geometrical_optics15.png  used on i
nput line 312. on input line 312.
Package pdftex.def Info: Requested size: 367.6109pt x 125.62848pt on input line
 312.

LaTeX Warning: `!h' float specifier changed to `!ht'.

[10] [11 <./images/../graphics/Geometrical_optics14.png (PNG copy)> <./images/.
./graphics/Geometrical_optics15.png (PNG copy)>])
Underfull \hbox (badness 10000) in paragraph at lines 324--35

 []

[12] (data/Aspheric_surface.tex
<images/../graphics/aspheric_1.png, id=607, 333.6465pt x 159.59625pt>
File: images/../graphics/aspheric_1.png Graphic file (type png)
<use images/../graphics/aspheric_1.png>
Package pdftex.def Info: images/../graphics/aspheric_1.png  used on input line 
25. on input line 25.
Package pdftex.def Info: Requested size: 233.55095pt x 111.7166pt on input line
 25.
<images/../graphics/aspheric_2.png, id=609, 333.6465pt x 151.767pt>
File: images/../graphics/aspheric_2.png Graphic file (type png)
<use images/../graphics/aspheric_2.png>
Package pdftex.def Info: images/../graphics/aspheric_2.png  used on input line 
45. on input line 45.
Package pdftex.def Info: Requested size: 209.12683pt x 95.1274pt on input line 
45.
<images/../graphics/aspheric_3.png, id=610, 669.702pt x 647.41875pt>
File: images/../graphics/aspheric_3.png Graphic file (type png)
<use images/../graphics/aspheric_3.png>
Package pdftex.def Info: images/../graphics/aspheric_3.png  used on input line 
49. on input line 49.
Package pdftex.def Info: Requested size: 125.47737pt x 121.3018pt on input line
 49.


LaTeX Warning: `!h' float specifier changed to `!ht'.

<images/../graphics/aspheric_4.png, id=611, 670.30424pt x 416.757pt>
File: images/../graphics/aspheric_4.png Graphic file (type png)
<use images/../graphics/aspheric_4.png>
Package pdftex.def Info: images/../graphics/aspheric_4.png  used on input line 
61. on input line 61.
Package pdftex.def Info: Requested size: 335.1513pt x 208.37799pt on input line
 61.

LaTeX Warning: `!h' float specifier changed to `!ht'.

[13 <./images/../graphics/aspheric_1.png>]) [14 <./images/../graphics/aspheric_
2.png> <./images/../graphics/aspheric_3.png> <./images/../graphics/aspheric_4.p
ng>] (data/Optical_components.tex
LaTeX Font Info:    Try loading font information for OMS+cmr on input line 15.

("C:\Program Files\MiKTeX 2.9\tex\latex\base\omscmr.fd"
File: omscmr.fd 2014/09/29 v2.5h Standard LaTeX font definitions
)
LaTeX Font Info:    Font shape `OMS/cmr/m/n' in size <10> not available
(Font)              Font shape `OMS/cmsy/m/n' tried instead on input line 15.
Missing character: There is no â in font cmr10!
Missing character: There is no € in font cmr10!
Missing character: There is no ™ in font cmr10!
<images/../graphics/Optical_components6.png, id=632, 323.40825pt x 185.493pt>
File: images/../graphics/Optical_components6.png Graphic file (type png)
<use images/../graphics/Optical_components6.png>
Package pdftex.def Info: images/../graphics/Optical_components6.png  used on in
put line 23. on input line 23.
Package pdftex.def Info: Requested size: 226.38422pt x 129.84421pt on input lin
e 23.
<images/../graphics/Optical_components1.png, id=633, 233.673pt x 163.20975pt>
File: images/../graphics/Optical_components1.png Graphic file (type png)
<use images/../graphics/Optical_components1.png>
Package pdftex.def Info: images/../graphics/Optical_components1.png  used on in
put line 39. on input line 39.
Package pdftex.def Info: Requested size: 163.56998pt x 114.24603pt on input lin
e 39.


LaTeX Warning: `!h' float specifier changed to `!ht'.

[15 <./images/../graphics/Optical_components6.png (PNG copy)>]
<images/../graphics/Optical_components2.png, id=639, 244.5135pt x 146.949pt>
File: images/../graphics/Optical_components2.png Graphic file (type png)
<use images/../graphics/Optical_components2.png>
Package pdftex.def Info: images/../graphics/Optical_components2.png  used on in
put line 52. on input line 52.
Package pdftex.def Info: Requested size: 171.15826pt x 102.86359pt on input lin
e 52.
<images/../graphics/Optical_components3.png, id=640, 202.95825pt x 143.3355pt>
File: images/../graphics/Optical_components3.png Graphic file (type png)
<use images/../graphics/Optical_components3.png>
Package pdftex.def Info: images/../graphics/Optical_components3.png  used on in
put line 63. on input line 63.
Package pdftex.def Info: Requested size: 142.0698pt x 100.33415pt on input line
 63.
<images/../graphics/Optical_components4.png, id=641, 215.6055pt x 185.493pt>
File: images/../graphics/Optical_components4.png Graphic file (type png)
<use images/../graphics/Optical_components4.png>
Package pdftex.def Info: images/../graphics/Optical_components4.png  used on in
put line 73. on input line 73.
Package pdftex.def Info: Requested size: 150.9228pt x 129.84421pt on input line
 73.
 [16 <./images/../graphics/Optical_components1.png (PNG copy)> <./images/../gra
phics/Optical_components2.png (PNG copy)> <./images/../graphics/Optical_compone
nts3.png (PNG copy)>]
<images/../graphics/Optical_components5.png, id=650, 322.806pt x 266.79675pt>
File: images/../graphics/Optical_components5.png Graphic file (type png)
<use images/../graphics/Optical_components5.png>
Package pdftex.def Info: images/../graphics/Optical_components5.png  used on in
put line 88. on input line 88.
Package pdftex.def Info: Requested size: 225.96265pt x 186.75644pt on input lin
e 88.


LaTeX Warning: `!h' float specifier changed to `!ht'.

[17 <./images/../graphics/Optical_components4.png (PNG copy)>]
<images/../graphics/Optical_components7.png, id=656, 279.444pt x 149.358pt>
File: images/../graphics/Optical_components7.png Graphic file (type png)
<use images/../graphics/Optical_components7.png>
Package pdftex.def Info: images/../graphics/Optical_components7.png  used on in
put line 98. on input line 98.
Package pdftex.def Info: Requested size: 195.60947pt x 104.54987pt on input lin
e 98.
) [18 <./images/../graphics/Optical_components5.png (PNG copy)> <./images/../gr
aphics/Optical_components7.png (PNG copy)>] [19] (data/Ray_tracing.tex
<images/../graphics/Ray_tracing1.png, id=668, 381.22424pt x 387.849pt>
File: images/../graphics/Ray_tracing1.png Graphic file (type png)
<use images/../graphics/Ray_tracing1.png>
Package pdftex.def Info: images/../graphics/Ray_tracing1.png  used on input lin
e 16. on input line 16.
Package pdftex.def Info: Requested size: 266.85515pt x 271.49243pt on input lin
e 16.
 [20 <./images/../graphics/Ray_tracing1.png (PNG copy)>]
<images/../graphics/Ray_tracing2.png, id=680, 596.82974pt x 369.17924pt>
File: images/../graphics/Ray_tracing2.png Graphic file (type png)
<use images/../graphics/Ray_tracing2.png>
Package pdftex.def Info: images/../graphics/Ray_tracing2.png  used on input lin
e 55. on input line 55.
Package pdftex.def Info: Requested size: 298.41414pt x 184.58917pt on input lin
e 55.


LaTeX Warning: `!h' float specifier changed to `!ht'.


Overfull \hbox (30.99243pt too wide) in paragraph at lines 60--61
[]$\OT1/cmtt/m/n/10 https : / / graphics . stanford . edu / courses / cs148 -[]
 10 -[] summer / docs / 2006 -[]-[] degreve -[]-[] reflection _
 []


Underfull \hbox (badness 10000) in paragraph at lines 62--65

 []

[21]
Overfull \hbox (5.04349pt too wide) detected at line 87
[]
 []

[22 <./images/../graphics/Ray_tracing2.png (PNG copy)>] [23]
<images/../graphics/Ray_tracing3.png, id=727, 762.4485pt x 362.5545pt>
File: images/../graphics/Ray_tracing3.png Graphic file (type png)
<use images/../graphics/Ray_tracing3.png>
Package pdftex.def Info: images/../graphics/Ray_tracing3.png  used on input lin
e 132. on input line 132.
Package pdftex.def Info: Requested size: 457.47263pt x 217.53438pt on input lin
e 132.

Overfull \hbox (39.21895pt too wide) in paragraph at lines 132--133
 [][] 
 []


Overfull \hbox (36.24239pt too wide) in paragraph at lines 137--141
[]$\OT1/cmtt/m/n/10 https : / / www . scratchapixel . com / lessons / 3d -[] ba
sic -[] rendering / minimal -[] ray -[] tracer -[] rendering -[]
 []

[24 <./images/../graphics/Ray_tracing3.png (PNG copy)>]) [25]
(data/Abbe_sine_condition.tex
<images/../graphics/Abbe_sine_condition1.png, id=750, 629.9535pt x 364.9635pt>
File: images/../graphics/Abbe_sine_condition1.png Graphic file (type png)
<use images/../graphics/Abbe_sine_condition1.png>
Package pdftex.def Info: images/../graphics/Abbe_sine_condition1.png  used on i
nput line 15. on input line 15.
Package pdftex.def Info: Requested size: 440.96445pt x 255.4727pt on input line
 15.

Overfull \hbox (22.71077pt too wide) in paragraph at lines 15--16
 [][] 
 []

[26 <./images/../graphics/Abbe_sine_condition1.png (PNG copy)>]
Underfull \hbox (badness 10000) in paragraph at lines 47--49

 []


Underfull \hbox (badness 10000) in paragraph at lines 55--57

 []

[27]
<images/../graphics/Abbe_sine_condition2.png, id=772, 867.24pt x 540.21825pt>
File: images/../graphics/Abbe_sine_condition2.png Graphic file (type png)
<use images/../graphics/Abbe_sine_condition2.png>
Package pdftex.def Info: images/../graphics/Abbe_sine_condition2.png  used on i
nput line 77. on input line 77.
Package pdftex.def Info: Requested size: 346.88986pt x 216.08347pt on input lin
e 77.
 [28 <./images/../graphics/Abbe_sine_condition2.png (PNG copy)>]
Missing character: There is no Â in font cmr10!
Missing character: There is no   in font cmr10!
)
(data/Wave_optics.tex
<images/../graphics/Wave_optics1.png, id=781, 742.775pt x 477.785pt>
File: images/../graphics/Wave_optics1.png Graphic file (type png)
<use images/../graphics/Wave_optics1.png>
Package pdftex.def Info: images/../graphics/Wave_optics1.png  used on input lin
e 15. on input line 15.
Package pdftex.def Info: Requested size: 371.38658pt x 238.8919pt on input line
 15.


LaTeX Warning: `!h' float specifier changed to `!ht'.

[29]
<images/../graphics/Wave_optics2.png, id=799, 730.73pt x 603.25375pt>
File: images/../graphics/Wave_optics2.png Graphic file (type png)
<use images/../graphics/Wave_optics2.png>
Package pdftex.def Info: images/../graphics/Wave_optics2.png  used on input lin
e 23. on input line 23.
Package pdftex.def Info: Requested size: 365.3641pt x 301.62613pt on input line
 23.


LaTeX Warning: `!h' float specifier changed to `!ht'.

[30 <./images/../graphics/Wave_optics1.png (PNG copy)>] [31 <./images/../graphi
cs/Wave_optics2.png (PNG copy)>] [32] [33]
<images/../graphics/Wave_optics3.png, id=840, 246.9225pt x 343.2825pt>
File: images/../graphics/Wave_optics3.png Graphic file (type png)
<use images/../graphics/Wave_optics3.png>
Package pdftex.def Info: images/../graphics/Wave_optics3.png  used on input lin
e 141. on input line 141.
Package pdftex.def Info: Requested size: 123.46094pt x 171.64082pt on input lin
e 141.
 [34 <./images/../graphics/Wave_optics3.png (PNG copy)>]
Overfull \hbox (16.10066pt too wide) detected at line 178
[]
 []

<images/../graphics/Wave_optics4.png, id=855, 366.36874pt x 479.7925pt>
File: images/../graphics/Wave_optics4.png Graphic file (type png)
<use images/../graphics/Wave_optics4.png>
Package pdftex.def Info: images/../graphics/Wave_optics4.png  used on input lin
e 191. on input line 191.
Package pdftex.def Info: Requested size: 183.18391pt x 239.89565pt on input lin
e 191.

LaTeX Warning: `!h' float specifier changed to `!ht'.


Underfull \hbox (badness 10000) in paragraph at lines 208--209

 []

[35] [36 <./images/../graphics/Wave_optics4.png (PNG copy)>]
<images/../graphics/Wave_optics5.png, id=873, 510.90875pt x 319.1925pt>
File: images/../graphics/Wave_optics5.png Graphic file (type png)
<use images/../graphics/Wave_optics5.png>
Package pdftex.def Info: images/../graphics/Wave_optics5.png  used on input lin
e 266. on input line 266.
Package pdftex.def Info: Requested size: 255.45375pt x 159.59586pt on input lin
e 266.
 [37] [38 <./images/../graphics/Wave_optics5.png (PNG copy)>]
Overfull \hbox (9.73032pt too wide) detected at line 319
[]\OML/cmm/m/it/10 U\OT1/cmr/m/n/10 (\OML/cmm/m/it/10 x; y\OT1/cmr/m/n/10 ) = [
]\OML/cmm/m/it/10 exp [] [] [][] [] exp [] dd
 []

<images/../graphics/Wave_optics6.png, id=906, 549.05125pt x 344.28625pt>
File: images/../graphics/Wave_optics6.png Graphic file (type png)
<use images/../graphics/Wave_optics6.png>
Package pdftex.def Info: images/../graphics/Wave_optics6.png  used on input lin
e 329. on input line 329.
Package pdftex.def Info: Requested size: 274.52495pt x 172.1427pt on input line
 329.

LaTeX Warning: `!h' float specifier changed to `!ht'.

[39]
<images/../graphics/Wave_optics7.png, id=918, 485.815pt x 680.5425pt>
File: images/../graphics/Wave_optics7.png Graphic file (type png)
<use images/../graphics/Wave_optics7.png>
Package pdftex.def Info: images/../graphics/Wave_optics7.png  used on input lin
e 352. on input line 352.
Package pdftex.def Info: Requested size: 242.9069pt x 340.27042pt on input line
 352.


LaTeX Warning: `!h' float specifier changed to `!ht'.

[40 <./images/../graphics/Wave_optics6.png (PNG copy)>]
<images/../graphics/Wave_optics8.png, id=928, 497.86pt x 347.2975pt>
File: images/../graphics/Wave_optics8.png Graphic file (type png)
<use images/../graphics/Wave_optics8.png>
Package pdftex.def Info: images/../graphics/Wave_optics8.png  used on input lin
e 361. on input line 361.
Package pdftex.def Info: Requested size: 248.92938pt x 173.64832pt on input lin
e 361.


LaTeX Warning: `!h' float specifier changed to `!ht'.

) [41 <./images/../graphics/Wave_optics7.png (PNG copy)>]
(data/Question_and_answer.tex)
Package atveryend Info: Empty hook `BeforeClearDocument' on input line 100.
 [42 <./images/../graphics/Wave_optics8.png (PNG copy)>]
Package atveryend Info: Empty hook `AfterLastShipout' on input line 100.
 (main.aux)
Package atveryend Info: Executing hook `AtVeryEndDocument' on input line 100.
Package atveryend Info: Executing hook `AtEndAfterFileList' on input line 100.
Package rerunfilecheck Info: File `main.out' has not changed.
(rerunfilecheck)             Checksum: EE205420CA0DA502AC59B462CB4FDC5B;6536.


LaTeX Warning: There were multiply-defined labels.

Package atveryend Info: Empty hook `AtVeryVeryEnd' on input line 100.
 ) 
Here is how much of TeX's memory you used:
 9327 strings out of 493312
 149238 string characters out of 3138893
 240147 words of memory out of 3000000
 12300 multiletter control sequences out of 15000+200000
 11939 words of font info for 43 fonts, out of 3000000 for 9000
 1141 hyphenation exceptions out of 8191
 66i,14n,100p,998b,606s stack positions out of 5000i,500n,10000p,200000b,50000s
<C:/Program Files/MiKTeX 2.9/fonts/type1/public/amsfonts/cm/cmbsy10.pfb><C:/P
rogram Files/MiKTeX 2.9/fonts/type1/public/amsfonts/cm/cmbx10.pfb><C:/Program F
iles/MiKTeX 2.9/fonts/type1/public/amsfonts/cm/cmbx12.pfb><C:/Program Files/MiK
TeX 2.9/fonts/type1/public/amsfonts/cm/cmex10.pfb><C:/Program Files/MiKTeX 2.9/
fonts/type1/public/amsfonts/cm/cmmi10.pfb><C:/Program Files/MiKTeX 2.9/fonts/ty
pe1/public/amsfonts/cm/cmmi5.pfb><C:/Program Files/MiKTeX 2.9/fonts/type1/publi
c/amsfonts/cm/cmmi7.pfb><C:/Program Files/MiKTeX 2.9/fonts/type1/public/amsfont
s/cm/cmr10.pfb><C:/Program Files/MiKTeX 2.9/fonts/type1/public/amsfonts/cm/cmr1
2.pfb><C:/Program Files/MiKTeX 2.9/fonts/type1/public/amsfonts/cm/cmr17.pfb><C:
/Program Files/MiKTeX 2.9/fonts/type1/public/amsfonts/cm/cmr5.pfb><C:/Program F
iles/MiKTeX 2.9/fonts/type1/public/amsfonts/cm/cmr7.pfb><C:/Program Files/MiKTe
X 2.9/fonts/type1/public/amsfonts/cm/cmr9.pfb><C:/Program Files/MiKTeX 2.9/font
s/type1/public/amsfonts/cm/cmsy10.pfb><C:/Program Files/MiKTeX 2.9/fonts/type1/
public/amsfonts/cm/cmsy5.pfb><C:/Program Files/MiKTeX 2.9/fonts/type1/public/am
sfonts/cm/cmsy7.pfb><C:/Program Files/MiKTeX 2.9/fonts/type1/public/amsfonts/cm
/cmtt10.pfb>
Output written on main.pdf (45 pages, 1998562 bytes).
PDF statistics:
 1071 PDF objects out of 1200 (max. 8388607)
 352 named destinations out of 1000 (max. 500000)
 889 words of extra memory for PDF output out of 10000 (max. 10000000)

