\BOOKMARK [1][-]{section.1}{Fermat's principle}{}% 1
\BOOKMARK [2][-]{subsection.1.1}{Reflection}{section.1}% 2
\BOOKMARK [2][-]{subsection.1.2}{Refraction}{section.1}% 3
\BOOKMARK [1][-]{section.2}{Paraxial optics}{}% 4
\BOOKMARK [2][-]{subsection.2.1}{Single spherical surface}{section.2}% 5
\BOOKMARK [3][-]{subsubsection.2.1.1}{Paraxial approximation}{subsection.2.1}% 6
\BOOKMARK [3][-]{subsubsection.2.1.2}{Transverse magnification}{subsection.2.1}% 7
\BOOKMARK [3][-]{subsubsection.2.1.3}{Longitude magnification}{subsection.2.1}% 8
\BOOKMARK [3][-]{subsubsection.2.1.4}{Angular magnification}{subsection.2.1}% 9
\BOOKMARK [3][-]{subsubsection.2.1.5}{Relation among magnifications}{subsection.2.1}% 10
\BOOKMARK [3][-]{subsubsection.2.1.6}{Lagrange-Helmoltz invariant}{subsection.2.1}% 11
\BOOKMARK [2][-]{subsection.2.2}{Reflective spherical mirror}{section.2}% 12
\BOOKMARK [2][-]{subsection.2.3}{Thin lens}{section.2}% 13
\BOOKMARK [2][-]{subsection.2.4}{Cardinal points}{section.2}% 14
\BOOKMARK [2][-]{subsection.2.5}{Marginal and Chief Rays}{section.2}% 15
\BOOKMARK [2][-]{subsection.2.6}{Reference}{section.2}% 16
\BOOKMARK [1][-]{section.3}{Aberration}{}% 17
\BOOKMARK [2][-]{subsection.3.1}{Spherical Aberration}{section.3}% 18
\BOOKMARK [2][-]{subsection.3.2}{Coma}{section.3}% 19
\BOOKMARK [2][-]{subsection.3.3}{Astigmatism}{section.3}% 20
\BOOKMARK [2][-]{subsection.3.4}{Curvature of Field}{section.3}% 21
\BOOKMARK [2][-]{subsection.3.5}{Distortion}{section.3}% 22
\BOOKMARK [2][-]{subsection.3.6}{Reference}{section.3}% 23
\BOOKMARK [2][-]{subsection.3.7}{Abbe sine condition}{section.3}% 24
\BOOKMARK [1][-]{section.4}{Index}{}% 25
